02/21/2024 10:58 | OutdoorLightingScene | 0h 0m 13s
02/21/2024 11:01 | OutdoorLightingScene | 0h 0m 12s
02/21/2024 11:11 | OutdoorLightingScene | 0h 0m 13s
02/21/2024 11:14 | OutdoorLightingScene | 0h 0m 13s
02/21/2024 11:36 | MainMenuTerrainScene | 0h 1m 4s
02/21/2024 11:42 | MainMenuTerrainScene | 0h 1m 8s
02/21/2024 11:46 | MainMenuTerrainScene | 0h 1m 24s
02/21/2024 11:51 | MainMenuTerrainScene | 0h 1m 22s
02/21/2024 11:52 | OutdoorLightingScene | 0h 0m 11s
02/21/2024 11:59 | OutdoorLightingScene | 0h 0m 13s
02/21/2024 12:01 | OutdoorLightingScene | 0h 0m 15s
02/21/2024 12:02 | OutdoorLightingScene | 0h 0m 12s
02/21/2024 12:05 | OutdoorLightingScene | 0h 0m 10s
02/21/2024 12:05 | OutdoorLightingScene | 0h 0m 10s
02/21/2024 12:06 | OutdoorLightingScene | 0h 0m 11s
02/21/2024 12:07 | OutdoorLightingScene | 0h 0m 10s
02/21/2024 12:08 | OutdoorLightingScene | 0h 0m 10s
02/21/2024 12:09 | OutdoorLightingScene | 0h 0m 10s
02/21/2024 12:15 | MainMenuTerrainScene | 0h 1m 22s
02/21/2024 12:35 | MainMenuTerrainScene | 0h 1m 18s
02/21/2024 12:37 | OutdoorLightingScene | 0h 0m 11s
02/21/2024 12:38 | OutdoorLightingScene | 0h 0m 11s
02/21/2024 12:39 | OutdoorLightingScene | 0h 0m 11s
02/21/2024 12:46 | OutdoorLightingScene | 0h 0m 11s
02/21/2024 12:48 | MainMenuLoaderScene | 0h 1m 12s
02/21/2024 12:52 | OutdoorLightingScene | 0h 0m 11s
02/21/2024 13:03 | OutdoorLightingScene | 0h 0m 11s
02/21/2024 13:27 | MainMenuLoaderScene | 0h 1m 4s
02/21/2024 13:30 | MainMenuLoaderScene | 0h 1m 20s
02/21/2024 18:18 | GameWorldTerrainScene | 0h 5m 44s
02/21/2024 18:55 | GameUiScene | 0h 10m 39s
02/21/2024 21:49 | OutdoorLightingScene | 0h 2m 56s
02/21/2024 23:02 | GameLoaderScene | 0h 3m 46s
02/22/2024 21:51 | MainMenuLoaderScene | 0h 1m 15s
02/22/2024 21:54 | MainMenuLoaderScene | 0h 1m 8s
